number,value,params_max_depth,params_max_features,params_min_samples_leaf,params_n_estimators,params_split_multiplier,state,user_attrs_cindex_sd,user_attrs_fold_cindices
0,0.7010060749854844,7,0.7516684682667809,15,700,2.075152014862501,COMPLETE,0.03519037358558036,"[0.6810462730795532, 0.7464407901997572, 0.7181698341206195, 0.6543182572155258, 0.7050552203119663]"
1,0.6999216908101437,7,0.896048574073722,12,700,2.6697673387409973,COMPLETE,0.034624569524815664,"[0.6786528379302484, 0.7465511532943384, 0.7166318796001319, 0.6564746212540086, 0.7012979619719913]"
2,0.6939359065139914,9,0.930869943915382,5,800,2.7063624671009228,COMPLETE,0.031055335202747322,"[0.6747207658992478, 0.7414192693963139, 0.6965286169394705, 0.6591286077629105, 0.6978822725720141]"
3,0.7009514853655728,7,0.7830714198009827,9,800,2.3854537481389975,COMPLETE,0.03232606414005311,"[0.6853202644175974, 0.7466615163889195, 0.7078435680544876, 0.6588521508348999, 0.7060799271319594]"
4,0.6978669491986222,11,0.8980435163765137,9,700,2.7637415075303973,COMPLETE,0.03277601534507348,"[0.6796216093002051, 0.7446749806864584, 0.7062506865868395, 0.6568063695676214, 0.7019810998519868]"
5,0.6977440689203764,8,0.8186597278015945,17,700,2.557152257674166,COMPLETE,0.03619228842194529,"[0.675974470025074, 0.7467718794835008, 0.7165220257058112, 0.6529359725754728, 0.6965159968120233]"
6,0.7015631124831454,10,0.6829188243814066,13,800,2.4387125656360045,COMPLETE,0.03330147332500079,"[0.684180533394119, 0.7441783467608432, 0.7184993958035812, 0.6565852040252129, 0.7043720824319708]"
7,0.6750626852062913,11,0.8819076321053481,16,900,2.535698067630102,PRUNED,,
8,0.6776840665602918,8,0.9799163884105513,8,1000,2.0133304147860587,PRUNED,,
9,0.701027317217104,10,0.6037297831965,15,800,2.5179087012559176,COMPLETE,0.03440207357368679,"[0.6859471164805107, 0.7467718794835008, 0.7189388113808635, 0.6553687935419662, 0.6981099851986793]"
10,0.7016459879815884,10,0.6647954629177266,9,900,2.841337507820015,COMPLETE,0.031212804585710706,"[0.6862320492363803, 0.744343891402715, 0.7089421069976931, 0.6600132699325445, 0.7086986223386087]"
11,0.701690905825319,10,0.6861341890973042,10,900,2.709753428931856,COMPLETE,0.03165507493900193,"[0.6865739685434238, 0.7435161681933561, 0.7111941118312645, 0.6582439455932766, 0.7089263349652738]"
12,0.7134213384464796,10,0.7249877164088169,6,1000,2.903359270339139,PRUNED,,
13,0.701570204381625,10,0.612485116839503,9,900,2.7794601398831555,COMPLETE,0.030894011561621058,"[0.6866879416457716, 0.7448957068756208, 0.707129517741404, 0.6610085148733827, 0.7081293407719458]"
14,0.6998805729612575,8,0.7675906159579454,9,1000,2.508555156467017,COMPLETE,0.03222115301807425,"[0.6842945064964668, 0.7461648824633043, 0.7054817093265956, 0.6585204025212872, 0.7049413639986337]"
15,0.681217232733075,10,0.6719827787071239,15,800,2.802942839414062,PRUNED,,
16,0.699040199713951,10,0.7472444421629811,7,700,2.886774662703384,COMPLETE,0.031078686326812387,"[0.6852062913152496, 0.7445094360445866, 0.701197407448094, 0.6594603560765233, 0.7048275076853011]"
17,0.6832687485753363,10,0.8177583374494733,10,900,2.567003451527639,PRUNED,,
18,0.7124814471386562,10,0.6285876670774599,6,800,2.6080221864093653,PRUNED,,
19,0.7018658609177313,10,0.7144468683697338,10,1000,2.6654143931827163,COMPLETE,0.031686103520128246,"[0.6868019147481195, 0.7443990729500055, 0.7109744040426234, 0.6587968594492978, 0.708357053398611]"
20,0.7133643518953057,10,0.70232596319277,9,1000,2.543023914483313,PRUNED,,
21,0.7017429785099242,10,0.6438450833506086,11,800,2.898346923428659,COMPLETE,0.03289271882512748,"[0.6875997264645544, 0.7451716146120737, 0.7137207514006372, 0.6561428729403959, 0.7060799271319594]"
22,0.684864372008206,10,0.6030987855367362,13,900,2.735974795397913,PRUNED,,
23,0.6816731251424664,10,0.749252802468799,12,900,2.7736232924173865,PRUNED,,
24,0.6828698427171188,10,0.6322633742004066,14,900,2.9606020792992362,PRUNED,,
25,0.6844084795988147,10,0.7170641006206688,11,1000,2.3491010630021476,PRUNED,,
26,0.7017584473355336,10,0.704704690521104,10,800,2.6513508698183834,COMPLETE,0.032086136152576585,"[0.6865739685434238, 0.744730162233749, 0.7104251345710205, 0.6580227800508681, 0.7090401912786064]"
27,0.7014007600128132,10,0.6439030774547516,9,700,2.718206683058293,COMPLETE,0.0303594452683806,"[0.6881695919762936, 0.7438472574770997, 0.7064703943754806, 0.6608426407165764, 0.7076739155186155]"
28,0.683439708228858,10,0.6751305068571346,12,700,2.623264313844966,PRUNED,,
29,0.6836106678823798,10,0.7012850880300737,11,900,2.966086674927482,PRUNED,,
