number,value,params_max_depth,params_max_features,params_min_samples_leaf,params_n_estimators,params_split_multiplier,state,user_attrs_cindex_sd,user_attrs_fold_cindices
0,0.6875721585917893,10,0.9918245280648845,7,700,2.1995872495229536,COMPLETE,0.04286980971344084,"[0.7337198657308514, 0.6489866181629206, 0.6800099918815962]"
1,0.6894998223398602,9,0.6212348909223445,11,800,2.611268226026418,COMPLETE,0.05011377577726489,"[0.7404638388770217, 0.6402819280239054, 0.6877537001186536]"
2,0.6895679374826266,11,0.7313128363202226,11,800,2.7418313151519325,COMPLETE,0.051669843939263965,"[0.7413793103448276, 0.6380407951149799, 0.6892837069880722]"
3,0.6921810942207302,8,0.6021826815049951,9,800,2.763086900782505,COMPLETE,0.04988202135025802,"[0.7440341776014647, 0.6445368325321554, 0.6879722725285705]"
4,0.6865452504890682,9,0.880894126543021,5,700,2.1167682747273115,COMPLETE,0.042689170316071716,"[0.732834909978639, 0.6487267766662336, 0.6780740648223319]"
5,0.7375648458956362,10,0.8647046993772123,6,800,2.5973906313575306,PRUNED,,
6,0.7341470857491608,9,0.972735925729955,6,800,2.692562607973011,PRUNED,,
7,0.689100434832335,11,0.7116250539627736,12,700,2.0155714987679083,COMPLETE,0.05067481274659213,"[0.7405248703082087, 0.6392100818500714, 0.6875663523387248]"
8,0.6859896605997692,7,0.6117000530653799,17,800,2.200370514693956,COMPLETE,0.05826522345589816,"[0.74174549893195, 0.6255034428998311, 0.6907200399675264]"
9,0.7403722917302411,9,0.7329006929907406,8,1000,2.660059042476596,PRUNED,,
10,0.7375343301800428,8,0.8978255089200463,14,700,2.573658609636312,PRUNED,,
11,0.6917048168762325,11,0.613213135762979,8,800,2.9203570706753963,COMPLETE,0.04910306293165371,"[0.7426914861153494, 0.6447317136546706, 0.6876912508586773]"
12,0.6922004434784813,11,0.6632891675128951,8,900,2.963013179430716,COMPLETE,0.0484342625697133,"[0.7425694232529753, 0.645965960763934, 0.6880659464185349]"
13,0.7408605431797376,8,0.7307327205350513,9,900,2.81585772100024,PRUNED,,
14,0.6915926453426166,8,0.6715904829346201,8,900,2.4068920286419115,COMPLETE,0.047941480105762484,"[0.7413793103448276, 0.6457385994543329, 0.6876600262286892]"
15,0.690415445955737,8,0.6370975975540183,10,800,2.8214147067235946,COMPLETE,0.050386385148738486,"[0.74174549893195, 0.6410289723268806, 0.6884718666083807]"
16,0.7411351846200793,11,0.640963180627616,12,900,2.9446218333358436,PRUNED,,
17,0.6923510096020143,11,0.7623077772557731,6,800,2.9740430152054618,COMPLETE,0.04658208589501405,"[0.7415929203539823, 0.6489866181629206, 0.6864734902891401]"
18,0.7384803173634422,11,0.7641942140294519,5,800,2.926556657550974,PRUNED,,
19,0.6935744231993729,11,0.6626432865609273,7,900,2.7949419604172236,COMPLETE,0.04737090755156879,"[0.7431187061336588, 0.6487267766662336, 0.6888777867982264]"
