number,value,params_max_depth,params_max_features,params_min_samples_leaf,params_n_estimators,params_split_multiplier,state,user_attrs_cindex_sd,user_attrs_fold_cindices
0,0.6970804143313535,7,0.6863494185029712,15,1000,2.674587626199437,COMPLETE,0.023063601233635878,"[0.7221853865535075, 0.6768315018315019, 0.692224354609051]"
1,0.6946560307608908,9,0.9685452766484639,16,900,2.2568502931065137,COMPLETE,0.021458656118370504,"[0.7176435486009813, 0.6751526251526252, 0.6911719185290658]"
2,0.6985534456512962,11,0.8063745141942507,8,1000,2.1576458845661284,COMPLETE,0.021298500469289328,"[0.723146797506962, 0.6862942612942613, 0.6862192781526651]"
3,0.6956630352007925,8,0.6964419110305842,17,800,2.8196562487708436,COMPLETE,0.021546709054502258,"[0.7185055032489059, 0.6757020757020757, 0.692781526651396]"
4,0.6953775411413373,9,0.9615063909114611,10,800,2.232913419466231,COMPLETE,0.02120637480947425,"[0.7195332184060469, 0.6798229548229549, 0.6867764501950102]"
5,0.697859714856402,8,0.6659065872539867,14,700,2.461118126737161,COMPLETE,0.021589628629042127,"[0.7215554966184856, 0.6793040293040293, 0.6927196186466911]"
6,0.6964410218828262,8,0.7412230922751858,17,1000,2.514342641925182,COMPLETE,0.022371325639741174,"[0.7207929982760907, 0.6768009768009768, 0.6917290905714109]"
7,0.6970565970428148,9,0.6673618222803136,14,800,2.876939448256666,COMPLETE,0.022908276854495705,"[0.722119082349821, 0.6771978021978022, 0.6918529065808209]"
8,0.7201299562392256,9,0.9766646534228574,12,900,2.0965074606028624,PRUNED,,
9,0.7195000663042037,8,0.8429529927716575,7,600,2.7777507170816618,PRUNED,,
10,0.7173120275825488,11,0.984622044951016,6,1000,2.197871641706689,PRUNED,,
11,0.7210582150908368,11,0.763051109275957,11,1000,2.4183936344328405,PRUNED,,
12,0.6994292913693679,8,0.6590398624062385,11,800,2.4222013080502958,COMPLETE,0.020790988805867418,"[0.7231136454051187, 0.6841880341880342, 0.6909861945149508]"
13,0.7195000663042037,11,0.6589911227163062,5,900,2.1470315323843017,PRUNED,,
14,0.7195000663042037,11,0.861880413427023,6,1000,2.5538434486591757,PRUNED,,
15,0.698531452763441,8,0.7209457754830312,9,700,2.233548407257725,COMPLETE,0.021043049436081224,"[0.7227489722848428, 0.6847069597069597, 0.6881384262985204]"
16,0.7184723511470628,8,0.7959140761333751,13,700,2.4455188758251865,PRUNED,,
17,0.6979304961064886,11,0.8229715194986253,7,700,2.0673662313554217,COMPLETE,0.020946431060820565,"[0.7220196260442913, 0.684004884004884, 0.6877669782702903]"
18,0.7208924545816204,7,0.7723578460798886,10,800,2.5025587933894955,PRUNED,,
19,0.6995557324174292,8,0.6970681436734878,8,900,2.445333611288239,COMPLETE,0.02096499349734327,"[0.7237435353401406, 0.6865995115995116, 0.6883241503126354]"
