number,value,params_max_depth,params_max_features,params_min_samples_leaf,params_n_estimators,params_split_multiplier,state,user_attrs_cindex_sd,user_attrs_fold_cindices
0,0.6962636769874205,8,0.6642107713300107,15,700,2.6460856595426665,COMPLETE,0.019654900633325006,"[0.69381868965936, 0.6779456576942611, 0.7170266836086404]"
1,0.6908875479883697,8,0.847530050822284,6,800,2.7615682808692283,COMPLETE,0.02114531415038294,"[0.6868662335296618, 0.6720416455053326, 0.7137547649301144]"
2,0.6936409354197286,9,0.9282137690236154,17,700,2.1010924632994183,COMPLETE,0.0199985609466134,"[0.6916024045175785, 0.6747397155916709, 0.7145806861499364]"
3,0.6951323633307936,9,0.65297372722839,10,600,2.150956968710367,COMPLETE,0.02051740612644318,"[0.6889003582488311, 0.678453529710513, 0.7180432020330368]"
4,0.6973590153399675,8,0.6197164106867731,18,800,2.745265150086178,COMPLETE,0.019750187490401454,"[0.6969457769142025, 0.6778186896901981, 0.7173125794155019]"
5,0.6828587042321939,11,0.7788449159656272,5,600,2.962502287289317,PRUNED,,
6,0.6959137268229845,10,0.6656292769954938,14,1000,2.3731512981859497,COMPLETE,0.02003205466165699,"[0.692482846560204, 0.6778186896901981, 0.7174396442185514]"
7,0.6905398020523408,8,0.9473947517136644,14,800,2.4029028129537044,PRUNED,,
8,0.6847713886696217,9,0.8628639293099589,11,600,2.159136373016172,PRUNED,,
9,0.695412809638993,11,0.7075782606611114,14,700,2.9300117543050757,PRUNED,,
10,0.6847410285991864,8,0.656686589856188,6,600,2.5592947518633427,PRUNED,,
11,0.6962499069294505,8,0.642039130380796,17,800,2.5984424830554627,COMPLETE,0.018430310336047542,"[0.6946991317019855, 0.6786439817166074, 0.7154066073697586]"
12,0.6906612423340822,8,0.7877850328064326,17,900,2.3169847848706686,PRUNED,,
13,0.6968072108617588,8,0.746588475202792,16,800,2.9481117620399218,COMPLETE,0.01932232760247873,"[0.6963385755054952, 0.6777234636871509, 0.7163595933926302]"
14,0.6965758132717763,8,0.8253939761709801,18,900,2.835944396386436,COMPLETE,0.020672281874884357,"[0.6948812921245977, 0.6768029456576943, 0.7180432020330368]"
15,0.6969033722859707,8,0.6189846723061619,15,900,2.843857053034372,COMPLETE,0.018829255567015122,"[0.6955795737446111, 0.6787709497206704, 0.7163595933926302]"
16,0.6941222903637136,8,0.6309335536436436,13,1000,2.893528884743475,PRUNED,,
17,0.696887471628728,8,0.6178370356675902,12,900,2.5638575409734803,COMPLETE,0.019465582753898356,"[0.6952456129698221, 0.6782948197054343, 0.7171219822109276]"
18,0.6969429613601063,8,0.6026916187664084,16,900,2.79054913658302,COMPLETE,0.01861172262378926,"[0.6950634525472099, 0.6793423057389538, 0.716423125794155]"
19,0.6974555014265214,9,0.6743674402436505,18,900,2.912311470942831,COMPLETE,0.020911872238213766,"[0.6968850567733317, 0.67683468765871, 0.7186467598475222]"
