number,value,params_max_depth,params_max_features,params_min_samples_leaf,params_n_estimators,params_split_multiplier,state,user_attrs_cindex_sd,user_attrs_fold_cindices
0,0.6964424743743831,8,0.7492178838892133,12,700,2.209501089530826,COMPLETE,0.02884267962001061,"[0.6831716809785631, 0.6766238600409454, 0.729531882103641]"
1,0.6936679959281004,8,0.9998509363999539,16,600,2.910792585471203,COMPLETE,0.025098314272320597,"[0.6811330079693582, 0.6773062845089646, 0.7225646953059783]"
2,0.6940579976572335,8,0.6524647062778137,17,700,2.9386209672391557,COMPLETE,0.023181332152333707,"[0.6829554580836473, 0.6785160369749984, 0.7207024979130546]"
3,0.6937763643868303,10,0.7929413111630615,16,900,2.248459026867122,COMPLETE,0.02690678839436489,"[0.6804225613146352, 0.6761585706309324, 0.7247479612149232]"
4,0.6962142165016777,11,0.6408596038151081,12,1000,2.4890556730796742,COMPLETE,0.028100322411010605,"[0.6828319021436956, 0.6773062845089646, 0.7285044628523727]"
5,0.6801445604497436,8,0.9129489243296212,15,700,2.481840183960162,PRUNED,,
6,0.6950106019161941,7,0.6492331790735606,16,1000,2.2206384096495113,COMPLETE,0.02660955733190746,"[0.6833879038734787, 0.6761895899249333, 0.7254543119501702]"
7,0.6975421676628398,9,0.6728819591271862,8,1000,2.710278396531336,COMPLETE,0.026299731641645712,"[0.6866312472972138, 0.6784539983869967, 0.7275412573043087]"
8,0.6809785630444184,9,0.8665046524343214,18,1000,2.9136534478465212,PRUNED,,
9,0.6789707790202014,10,0.9465613496223961,15,900,2.7991923776901806,PRUNED,,
10,0.6976994164045554,9,0.6921000921406958,5,800,2.9505355621668365,COMPLETE,0.022367331249856386,"[0.687835917711744, 0.6819591786090948, 0.7233031528928273]"
11,0.6968248244219063,9,0.7163596931440378,6,900,2.884847437703014,COMPLETE,0.02408435372018316,"[0.6861988015073824, 0.6798808859110367, 0.7243947858472998]"
12,0.6985994983625873,9,0.6751338619322016,6,800,2.5816865286578987,COMPLETE,0.022438083918028158,"[0.6883610304565392, 0.683106892487127, 0.7243305721440956]"
13,0.6982036489747229,10,0.6184057746683183,8,800,2.6222556964241086,COMPLETE,0.02806318852431583,"[0.6864150244022982, 0.6779576896829829, 0.7302382328388878]"
14,0.6973566186735894,9,0.7106171589681101,8,800,2.582568837692982,COMPLETE,0.02576184734084991,"[0.6868783591771175, 0.6784850176809976, 0.7267064791626533]"
15,0.6986523931000739,10,0.6300357451893376,9,800,2.436904508567059,COMPLETE,0.029067103208491506,"[0.6874652498918885, 0.6768409950989516, 0.7316509343093817]"
16,0.6985461821724762,10,0.6115803619864338,9,900,2.3383360806536007,COMPLETE,0.028933194571621062,"[0.6874034719219126, 0.6768409950989516, 0.7313940794965645]"
17,0.6987158744030908,10,0.7050622402038662,7,900,2.2075336913175048,COMPLETE,0.02433987596391089,"[0.6887934762463706, 0.6809045226130653, 0.7264496243498363]"
18,0.6973865985042632,10,0.8003207176182464,7,900,2.2176505616513946,COMPLETE,0.023391367167309777,"[0.6880212516216717, 0.6801290402630437, 0.7240095036280743]"
19,0.6984200322356502,10,0.6476833936307305,10,700,2.1493862681554434,COMPLETE,0.02805763156230589,"[0.6874652498918885, 0.6774924002729698, 0.7303024465420921]"
