number,value,params_max_depth,params_max_features,params_min_samples_leaf,params_n_estimators,params_split_multiplier,state,user_attrs_cindex_sd,user_attrs_fold_cindices
0,0.6908419965680436,7,0.7709781555285787,15,1000,2.606731702216905,COMPLETE,0.01769807784205742,"[0.6953921134249003, 0.7058207576224207, 0.6713131186568099]"
1,0.6918608326970955,11,0.8175746771367085,14,600,2.0285641602752396,COMPLETE,0.02007606356020842,"[0.6965947211848851, 0.7091469048352326, 0.669840872071169]"
2,0.6939497546083633,11,0.6930965015185272,7,1000,2.1680720616520657,COMPLETE,0.020588845457209848,"[0.6998227735932654, 0.7109639667385279, 0.6710625234932965]"
3,0.6925890134414918,7,0.9246893623097089,7,700,2.1217425962264533,COMPLETE,0.020216342699716366,"[0.6972909677827711, 0.7100400369571912, 0.6704360355845133]"
4,0.6893178140684966,9,0.9223477178166297,14,1000,2.570510876522503,COMPLETE,0.02002732018151398,"[0.6952655231343756, 0.7056975669849092, 0.6669903520862047]"
5,0.6947591619722767,9,0.9167240325005035,13,800,2.4201794046596072,PRUNED,,
6,0.6928286600417748,7,0.9203562772844055,11,600,2.861160455009665,PRUNED,,
7,0.6960982453320922,10,0.6147871481471041,6,800,2.000441040060084,COMPLETE,0.019928638390535016,"[0.7017849230963985, 0.712565445026178, 0.6739443678737]"
8,0.6966263687575163,9,0.6601054935795391,14,700,2.2128421163786283,PRUNED,,
9,0.6965630736122539,9,0.7779965530001393,15,700,2.162906628993322,PRUNED,,
10,0.6939217585103848,10,0.7412479104531209,6,600,2.36193587566524,COMPLETE,0.019343076583773735,"[0.6992531172859042, 0.7100400369571912, 0.6724721212880591]"
11,0.6949537469533787,11,0.6283219617748915,6,1000,2.160061695767492,COMPLETE,0.019772664159932896,"[0.7007089056269384, 0.711210348013551, 0.6729419872196467]"
12,0.6959705768587242,7,0.6171608163235517,6,900,2.364192140922051,COMPLETE,0.020073147932252604,"[0.6999810114564213, 0.7137357560825377, 0.6741949630372134]"
13,0.694674153059594,7,0.6769701983470304,7,1000,2.6433763117705915,COMPLETE,0.01978158080530013,"[0.6992531172859042, 0.711764705882353, 0.673004636010525]"
14,0.6977973289448699,10,0.6844232483816707,9,800,2.021822318593248,PRUNED,,
15,0.6982403949617064,10,0.6878902454073981,9,800,2.2611607953051047,PRUNED,,
16,0.6987784036964365,7,0.7524624495446683,10,900,2.0604171003048566,PRUNED,,
17,0.694132574446833,7,0.7090154714869189,6,900,2.028559785543428,COMPLETE,0.020195202971605715,"[0.7004557250458889, 0.7104096088697259, 0.6715323894248841]"
18,0.6952123909894508,10,0.6362396055766403,5,700,2.1635095612792727,COMPLETE,0.019642410128576468,"[0.7033040065826951, 0.7095164767477672, 0.67281668963789]"
19,0.6956946083104834,7,0.6367042572388848,7,700,2.4533065752801035,COMPLETE,0.01818043066624758,"[0.7003607823279955, 0.7110871573760394, 0.6756358852274151]"
