number,value,params_max_depth,params_max_features,params_min_samples_leaf,params_n_estimators,params_split_multiplier,state,user_attrs_cindex_sd,user_attrs_fold_cindices
0,0.5836404438161279,9,0.905627953355221,16,900,2.3211235383858675,COMPLETE,0.10157109898044978,"[0.4663934426229508, 0.6448220064724919, 0.6397058823529411]"
1,0.5787437016647959,7,0.9762148260033531,15,700,2.4888489461937695,COMPLETE,0.1016444574613902,"[0.46147540983606555, 0.6415857605177994, 0.6331699346405228]"
2,0.5792883639741641,8,0.9752340994283111,15,600,2.2407895833100033,COMPLETE,0.10208534398699165,"[0.46147540983606555, 0.6415857605177994, 0.6348039215686274]"
3,0.5898582542996508,9,0.6623567862298556,20,800,2.385319119279557,COMPLETE,0.10585502603598412,"[0.4680327868852459, 0.6593851132686084, 0.6421568627450981]"
4,0.5838959487804177,6,0.9882964665939262,16,600,2.122663929662398,COMPLETE,0.10675942576969849,"[0.460655737704918, 0.6480582524271845, 0.6429738562091504]"
5,0.5871242974350332,7,0.8238173634209464,19,1000,2.366524877424273,COMPLETE,0.10804985411492973,"[0.46311475409836067, 0.6610032362459547, 0.6372549019607843]"
6,0.4565573770491803,9,0.967605650711714,20,1000,2.323736288220028,PRUNED,,
7,0.5454679293331212,7,0.9584996218705624,13,1000,2.63117614262869,PRUNED,,
8,0.5953156614123181,7,0.712871639581959,19,900,2.0907341053580475,COMPLETE,0.09790730589525508,"[0.48278688524590163, 0.6610032362459547, 0.6421568627450981]"
9,0.46147540983606555,7,0.8839320084812196,19,600,2.207198763175464,PRUNED,,
10,0.549571595310096,7,0.6207305710961062,14,800,2.1544150004190374,PRUNED,,
11,0.4516393442622951,9,0.7247468680681936,20,800,2.178394553702162,PRUNED,,
12,0.4598360655737705,9,0.7091674035606325,20,800,2.5939444115372274,PRUNED,,
13,0.5877494844649445,9,0.6524920905940554,17,700,2.2783565572630087,COMPLETE,0.08822758065885222,"[0.4860655737704918, 0.6440129449838188, 0.6331699346405228]"
14,0.5953156614123181,7,0.6964303821989399,19,900,2.034281488343474,COMPLETE,0.09790730589525508,"[0.48278688524590163, 0.6610032362459547, 0.6421568627450981]"
15,0.5600734786991353,7,0.7720477970971393,18,900,2.1428465935604626,PRUNED,,
16,0.5564804498912409,7,0.6714385389953628,15,1000,2.1766852507070538,PRUNED,,
17,0.4565573770491803,7,0.8811961058527358,15,900,2.041693435459063,PRUNED,,
18,0.590402916609019,7,0.6054410645859831,20,800,2.0337203401525317,COMPLETE,0.10626208990383418,"[0.4680327868852459, 0.6593851132686084, 0.6437908496732027]"
19,0.5898529663160647,5,0.613519550581635,20,1000,2.184349120644509,COMPLETE,0.10599518091990173,"[0.4680327868852459, 0.6610032362459547, 0.6405228758169934]"
