number,value,params_max_depth,params_max_features,params_min_samples_leaf,params_n_estimators,params_split_multiplier,state,user_attrs_cindex_sd,user_attrs_fold_cindices
0,0.5770010239663476,8,0.8867102140765389,15,800,2.249084778806288,COMPLETE,0.024574264813475372,"[0.5497592295345104, 0.583743842364532, 0.5975]"
1,0.5800545039144419,9,0.9079530599988623,15,800,2.215641970620709,COMPLETE,0.02896982126915605,"[0.5473515248796148, 0.590311986863711, 0.6025]"
2,0.5725361001949533,6,0.8396445901807945,13,800,2.562436936428552,COMPLETE,0.01666609982038561,"[0.5545746388443018, 0.5755336617405583, 0.5875]"
3,0.5648895930579386,9,0.6388248721417921,12,800,2.401508858153517,COMPLETE,0.017300807716719963,"[0.5449438202247191, 0.5738916256157636, 0.5758333333333333]"
4,0.5721056192075177,5,0.9750931708751908,11,900,2.6039458335181713,COMPLETE,0.027096423512154237,"[0.5409309791332263, 0.5853858784893268, 0.59]"
5,0.5757935277946902,8,0.8257376833387298,16,800,2.293412564342789,COMPLETE,0.015412148183509486,"[0.5585874799357945, 0.5804597701149425, 0.5883333333333334]"
6,0.5417335473515249,7,0.7125829290107517,11,800,2.7537107728389003,PRUNED,,
7,0.5449438202247191,9,0.6406454252594697,17,700,2.1548531080514097,PRUNED,,
8,0.5409309791332263,7,0.879256403346883,12,900,2.2069156053212087,PRUNED,,
9,0.5264847512038523,7,0.995218154272577,20,700,2.6417955758393257,PRUNED,,
10,0.5827071763743596,9,0.8578923487261073,17,1000,2.807797737006183,COMPLETE,0.02254036630018968,"[0.557784911717496, 0.5886699507389163, 0.6016666666666667]"
11,0.5032102728731942,9,0.8071642293909039,20,900,2.525109889461932,PRUNED,,
12,0.5832135323456518,9,0.9393076696701552,16,900,2.980121849239829,COMPLETE,0.019587613910700834,"[0.5642054574638844, 0.5821018062397373, 0.6033333333333334]"
13,0.5772111369408929,9,0.7889289584965852,16,1000,2.876409401902142,COMPLETE,0.019475259133886754,"[0.5569823434991974, 0.5788177339901478, 0.5958333333333333]"
14,0.507223113964687,9,0.9069185854313704,20,900,2.7341170833430546,PRUNED,,
15,0.5678815889005737,9,0.9513748485212287,15,1000,2.4983886109111184,PRUNED,,
16,0.5609306101363444,9,0.8857546177977434,12,1000,2.9747972235338707,PRUNED,,
17,0.5537720706260032,6,0.9402803362282411,13,900,2.832141307129525,PRUNED,,
18,0.5851702305615518,6,0.8621704966658941,18,1000,2.6544327146877222,COMPLETE,0.02388153951971208,"[0.557784911717496, 0.5960591133004927, 0.6016666666666667]"
19,0.5513643659711075,6,0.7296336540329268,20,1000,2.7337010613479764,PRUNED,,
