number,value,params_max_depth,params_max_features,params_min_samples_leaf,params_n_estimators,params_split_multiplier,state,user_attrs_cindex_sd,user_attrs_fold_cindices
0,0.6466136402665418,7,0.7524009669077999,9,900,2.987948575923184,COMPLETE,0.02894746373418585,"[0.6691176470588235, 0.6567656765676567, 0.6139575971731449]"
1,0.6317593444371804,9,0.9566430773559433,16,900,2.972408059500864,COMPLETE,0.019384430266081637,"[0.6405228758169934, 0.6452145214521452, 0.6095406360424028]"
2,0.6310918887218868,6,0.6758597898856974,16,1000,2.8906908125834025,COMPLETE,0.014143973597566402,"[0.6339869281045751, 0.6435643564356436, 0.6157243816254417]"
3,0.6285583314792368,6,0.8499464718182421,17,900,2.6921525229306127,COMPLETE,0.013607746277316828,"[0.6339869281045751, 0.6386138613861386, 0.6130742049469965]"
4,0.6310300918541935,8,0.6878145690697807,20,900,2.1003695964567095,COMPLETE,0.025505566337601687,"[0.6535947712418301, 0.6361386138613861, 0.6033568904593639]"
5,0.6290849673202614,8,0.9260363276259853,19,800,2.2185821962119983,PRUNED,,
6,0.6372549019607843,6,0.9993798221901987,18,700,2.7274333242498194,PRUNED,,
7,0.6372549019607843,6,0.6084589668065379,17,1000,2.3696567164410274,PRUNED,,
8,0.6339869281045751,6,0.8957889410104878,16,600,2.8770797184103283,PRUNED,,
9,0.6339869281045751,5,0.8538449945186828,16,600,2.611129556795238,PRUNED,,
10,0.6396059459753222,7,0.6089780267625612,12,900,2.718043357539776,COMPLETE,0.01905649760845533,"[0.6552287581699346, 0.6452145214521452, 0.6183745583038869]"
11,0.6367721889628165,7,0.8498692495398725,10,1000,2.8546149410655404,COMPLETE,0.030563147223770883,"[0.6519607843137255, 0.6567656765676567, 0.6015901060070671]"
12,0.6460077527533811,7,0.6868351030393782,9,800,2.7264329798212703,COMPLETE,0.02191694235448733,"[0.6674836601307189, 0.6468646864686468, 0.6236749116607774]"
13,0.6361562973313891,7,0.7529901938857413,11,800,2.8997738400487094,COMPLETE,0.03199681141697083,"[0.6601307189542484, 0.6485148514851485, 0.5998233215547704]"
14,0.6489023919713387,6,0.7442035523822342,8,900,2.8295339213942983,COMPLETE,0.02723124261271895,"[0.6658496732026143, 0.6633663366336634, 0.6174911660777385]"
15,0.6489466578127362,7,0.7380966426455176,8,900,2.944149319390914,COMPLETE,0.025714681677818277,"[0.6642156862745098, 0.6633663366336634, 0.6192579505300353]"
16,0.6429176235367595,6,0.667404148393939,8,800,2.4968111525257974,COMPLETE,0.020698631655721642,"[0.6576797385620915, 0.6518151815181518, 0.6192579505300353]"
17,0.6461575096399683,9,0.7786781304749504,9,900,2.79394562914067,COMPLETE,0.025103687001691584,"[0.6642156862745098, 0.6567656765676567, 0.6174911660777385]"
18,0.6388888888888888,6,0.7398354837422997,11,1000,2.563107623339758,PRUNED,,
19,0.6560457516339869,7,0.9237902270549746,8,800,2.893513658657575,PRUNED,,
