number,value,params_max_depth,params_max_features,params_min_samples_leaf,params_n_estimators,params_split_multiplier,state,user_attrs_cindex_sd,user_attrs_fold_cindices
0,0.6981250604678078,7,0.9390524325593339,16,600,2.5339358761517796,COMPLETE,0.030776506186869543,"[0.7145754200733921, 0.7171805072103431, 0.6626192541196878]"
1,0.702899017117064,7,0.6422993304622717,13,800,2.3753652255652016,COMPLETE,0.030916625112264767,"[0.7229768879160497, 0.7184236698160119, 0.6672964936191302]"
2,0.6987666330992214,11,0.9185589857039445,16,600,2.1201540157772456,COMPLETE,0.02959504282222189,"[0.7165067919912445, 0.715191447041273, 0.6646016602651468]"
3,0.6952705943577362,11,0.9739272734576715,16,600,2.911005440761933,COMPLETE,0.03070266408920309,"[0.7102298332582244, 0.7156265539532571, 0.6599553958617271]"
4,0.6887008833912848,11,0.896602949426438,6,700,2.167925266142047,COMPLETE,0.03336525214800327,"[0.7091353891714415, 0.7067690203878667, 0.6501982406145459]"
5,0.6985323122915252,7,0.7441565283394054,9,700,2.4489465115019056,COMPLETE,0.030528102499293636,"[0.7185347325049893, 0.7136685728493287, 0.6633936315202578]"
6,0.6947096180911214,8,0.7118999260998137,6,600,2.1274131730582733,COMPLETE,0.03357688527910469,"[0.7169252559067791, 0.7111200895077076, 0.6560835088588775]"
7,0.70200931434975,9,0.626798470199271,13,900,2.2557649455553515,COMPLETE,0.03164036000545222,"[0.7220112019571235, 0.7184858279462953, 0.6655309131458308]"
8,0.7159595699478529,10,0.8890527525922316,10,900,2.4185909807656834,PRUNED,,
9,0.7010711017459069,11,0.6841662974691362,10,800,2.674286527417819,COMPLETE,0.030418676439100036,"[0.7215605485096247, 0.7155333167578319, 0.6661194399702639]"
10,0.7162170862035666,7,0.7462371838301175,13,600,2.980088935929002,PRUNED,,
11,0.7018377818829166,9,0.6208367781549468,15,900,2.098121606748541,COMPLETE,0.03333058485044191,"[0.7231056460439065, 0.7189830929885629, 0.6634246066162806]"
12,0.7016971517136509,9,0.6438430647747319,14,800,2.4506110078600036,COMPLETE,0.031540278576343166,"[0.7227837507242645, 0.716869716558926, 0.6654379878577623]"
13,0.7022375991126174,7,0.6334752544900359,13,800,2.6586840436005863,COMPLETE,0.030998020223397184,"[0.7221399600849804, 0.7180507210343113, 0.6665221162185603]"
14,0.7003883393670657,7,0.688364833697203,15,700,2.1765355004708153,COMPLETE,0.03333877081063909,"[0.7212386531899826, 0.7179885629040278, 0.6619378020071862]"
15,0.7030396519549589,7,0.6026861338963228,12,700,2.5953911656182975,COMPLETE,0.03277766775087473,"[0.7242000901306895, 0.7196357533565391, 0.6652831123776484]"
16,0.7169896349707076,7,0.7229965147402156,14,700,2.67450254692403,PRUNED,,
17,0.7202085881671281,7,0.6485464893326728,9,600,2.853387945795494,PRUNED,,
18,0.7020729059187079,11,0.6335357279013023,10,700,2.4368193080613825,COMPLETE,0.03221419554209496,"[0.722075581021052, 0.7192317255096967, 0.6649114112253748]"
19,0.7174402884182064,8,0.7494579480776421,13,800,2.1836084288558126,PRUNED,,
