number,value,params_max_depth,params_max_features,params_min_samples_leaf,params_n_estimators,params_split_multiplier,state,user_attrs_cindex_sd,user_attrs_fold_cindices
0,0.6809851285922027,11,0.9805020305120721,7,600,2.8799976409301005,COMPLETE,0.01120525099683581,"[0.6684294185975423, 0.6845568313765966, 0.6899691358024691]"
1,0.6773058915319785,9,0.8942391385604491,15,800,2.082394516061378,COMPLETE,0.010152492166678906,"[0.6656477349147154, 0.6842020384466521, 0.682067901234568]"
2,0.682428309357109,8,0.8291528198016184,8,800,2.163327529650261,COMPLETE,0.012568113538090595,"[0.6679403313566057, 0.6889433621468197, 0.6904012345679013]"
3,0.6840679595650597,8,0.7310427241012137,5,900,2.1948771505899622,COMPLETE,0.013719222760523052,"[0.668643394265452, 0.6886530770223197, 0.6949074074074074]"
4,0.6781004102012753,9,0.9161207630108742,11,600,2.7207914168744294,COMPLETE,0.011312240457449465,"[0.6650975117686617, 0.6835247064894853, 0.685679012345679]"
5,0.6854908728597934,8,0.7441296064620837,6,800,2.158425470095367,COMPLETE,0.014336061409558395,"[0.6694992969370912, 0.6897819636175977, 0.6971913580246913]"
6,0.6674206761631106,9,0.6025426876962728,15,1000,2.792234026805427,PRUNED,,
7,0.6664730696337959,8,0.6821928517520742,15,1000,2.8327397751072554,PRUNED,,
8,0.6669927248272911,8,0.686590081726539,11,700,2.9048313584720407,PRUNED,,
9,0.6652809194840129,8,0.8439244237147588,11,1000,2.765112274572833,PRUNED,,
10,0.6676346518310203,9,0.6094008021677996,11,900,2.475598229910075,PRUNED,,
11,0.6847522256659366,8,0.6691958481734784,5,1000,2.102039627199574,COMPLETE,0.012908253399540048,"[0.6701717918933789, 0.6893626628822087, 0.6947222222222222]"
12,0.6670844286849666,8,0.7240616842256877,10,700,2.473519598748522,PRUNED,,
13,0.686165953175641,9,0.6352661329201148,7,600,2.1132653294557913,COMPLETE,0.014863635570603762,"[0.6696827046524424, 0.6902657721584312, 0.6985493827160494]"
14,0.6684294185975423,9,0.720577394706317,7,600,2.1572421547492366,PRUNED,,
15,0.6776875832124859,9,0.6006991033228662,6,600,2.3602845266956605,PRUNED,,
16,0.683690890357899,8,0.8161769880018369,7,600,2.478055588957295,COMPLETE,0.012312743487226014,"[0.6697132726050009, 0.6884272997032641, 0.692932098765432]"
17,0.6679097634040472,8,0.7358882328075108,9,900,2.1047518685314444,PRUNED,,
18,0.6671149966375253,10,0.6871375546760529,7,800,2.2371743423442774,PRUNED,,
19,0.664486152717491,9,0.7073658292588707,12,600,2.092515710637204,PRUNED,,
