number,value,params_max_depth,params_max_features,params_min_samples_leaf,params_n_estimators,params_split_multiplier,state,user_attrs_cindex_sd,user_attrs_fold_cindices
0,0.5581920865396522,6,0.8531337085973828,13,1000,2.274110940095445,COMPLETE,0.02779943700168703,"[0.588379705400982, 0.5525502318392581, 0.5336463223787168]"
1,0.5729559042009628,6,0.7304485297762657,17,800,2.440162484143,COMPLETE,0.023738435865149368,"[0.599836333878887, 0.5548686244204019, 0.5641627543035994]"
2,0.5663599754005254,5,0.7206584887003812,14,900,2.5092030259168565,COMPLETE,0.023438080892037343,"[0.5924713584288053, 0.5471406491499228, 0.5594679186228482]"
3,0.5739098865908989,7,0.7179492591540447,10,600,2.554635745263644,COMPLETE,0.032001663008702344,"[0.6104746317512275, 0.5510046367851623, 0.5602503912363067]"
4,0.5678158344240337,6,0.6775086612716977,11,700,2.1084990516895794,COMPLETE,0.019104453759424076,"[0.5891980360065466, 0.5618238021638331, 0.5524256651017214]"
5,0.5891980360065466,7,0.6372430198216317,15,1000,2.7943601012261623,PRUNED,,
6,0.5908346972176759,8,0.8315735902663584,14,800,2.5383040297894994,PRUNED,,
7,0.5731075379560192,8,0.9812746836292785,9,800,2.04350983161366,COMPLETE,0.04517277543493109,"[0.6252045826513911, 0.544822256568779, 0.5492957746478874]"
8,0.5716872584953708,5,0.9349039646408276,18,900,2.6332481769465677,COMPLETE,0.02684632035497728,"[0.599836333878887, 0.5463678516228748, 0.5688575899843505]"
9,0.588379705400982,6,0.6059856527396021,17,700,2.927699783668128,PRUNED,,
10,0.5825431250713055,7,0.9778290446820892,9,1000,2.6648165014808844,COMPLETE,0.04192119894559408,"[0.630114566284779, 0.5510046367851623, 0.5665101721439749]"
11,0.5839039275584423,7,0.6288364859317253,9,700,2.747433758090107,COMPLETE,0.0315929802116511,"[0.6170212765957447, 0.5540958268933539, 0.5805946791862285]"
12,0.5733753380667123,7,0.9767078078338551,10,900,2.6192133295052678,COMPLETE,0.032137219790443046,"[0.6104746317512275, 0.5540958268933539, 0.5555555555555556]"
13,0.5818541393658379,7,0.6000321761922164,9,700,2.7573623257251936,COMPLETE,0.03421742997622867,"[0.618657937806874, 0.5510046367851623, 0.5758998435054773]"
14,0.5847336849794424,7,0.8299827801342152,8,800,2.7642131963367516,COMPLETE,0.04650748674154399,"[0.6350245499181669, 0.5432766615146831, 0.5758998435054773]"
15,0.5834429899208257,7,0.7649705252844041,9,700,2.847736994608477,COMPLETE,0.034855162281841615,"[0.6202945990180033, 0.5510046367851623, 0.5790297339593115]"
16,0.5835579614059299,7,0.8217104463456655,8,700,2.602686371074448,COMPLETE,0.04058123679191045,"[0.6268412438625205, 0.5463678516228748, 0.5774647887323944]"
17,0.5801963993453355,7,0.8116469476048664,12,900,2.673245966292766,PRUNED,,
18,0.5857750868950297,7,0.9530289423239278,8,700,2.840601325066552,COMPLETE,0.04539019706969293,"[0.6366612111292962, 0.5494590417310664, 0.5712050078247262]"
19,0.5829627021103877,7,0.9583436175386546,9,800,2.955012401080975,COMPLETE,0.03658957719210528,"[0.6235679214402619, 0.5525502318392581, 0.5727699530516432]"
