number,value,params_max_depth,params_max_features,params_min_samples_leaf,params_n_estimators,params_split_multiplier,state,user_attrs_cindex_sd,user_attrs_fold_cindices
0,0.6780011877570988,11,0.7753635730905786,15,900,2.9666511243025178,COMPLETE,0.02182323854854621,"[0.6995730036326556, 0.6784956304619226, 0.655934929176718]"
1,0.6794172216574518,9,0.782162411879576,13,700,2.7089785904459616,COMPLETE,0.021928002383029912,"[0.702695812886368, 0.6764044943820224, 0.6591513577039648]"
2,0.6815786995221677,8,0.7581572550509694,7,700,2.7745408003838063,COMPLETE,0.020889145626309905,"[0.7056911605378879, 0.6689762796504369, 0.6700686583781778]"
3,0.6774785818542303,11,0.8563705568366836,16,800,2.309900636213204,COMPLETE,0.02148499267597361,"[0.6995092728315595, 0.6763420724094882, 0.6565844003216429]"
4,0.6822174332961582,8,0.7709834437238614,10,700,2.0592656880708544,COMPLETE,0.023975637437222506,"[0.7098973934102352, 0.6688202247191011, 0.667934681759139]"
5,0.7014211968644446,10,0.7688820543288194,14,600,2.8411297894618457,PRUNED,,
6,0.6845373721328146,8,0.6021110460426216,7,800,2.694823501810303,COMPLETE,0.019013271580403585,"[0.7064877955515901, 0.6731897627965043, 0.6739345580503495]"
7,0.6962590019756548,10,0.8356854797632804,6,900,2.155704067390967,PRUNED,,
8,0.6980434644063476,8,0.9174404769701304,14,800,2.940987276975723,PRUNED,,
9,0.6830661071053288,10,0.6442073181913223,11,600,2.5367302335252697,COMPLETE,0.023328752442315335,"[0.7092919507998215, 0.6752808988764045, 0.66462547163976]"
10,0.7013893314638965,8,0.6932755574712474,5,1000,2.6752266786838983,PRUNED,,
11,0.6812426444853639,10,0.6742997570281861,12,600,2.4793139255114145,COMPLETE,0.023674511570276727,"[0.7075393537696769, 0.6745630461922597, 0.6616255334941548]"
12,0.681395471810386,8,0.6821231667321732,11,1000,2.881369942910071,COMPLETE,0.023292021068111592,"[0.7069020457587152, 0.6760299625468165, 0.6612544071256263]"
13,0.6835989580650909,10,0.6001227051160328,8,700,2.7115684055647287,COMPLETE,0.0229994759014536,"[0.7101204512140717, 0.6715355805243446, 0.6691408424568566]"
14,0.7062966031483016,10,0.665721957118966,8,900,2.6314608962814288,PRUNED,,
15,0.7048307947230896,10,0.6111451883711426,5,600,2.6225413382994134,PRUNED,,
16,0.7031100630934931,9,0.648095746881709,5,900,2.9204168859314823,PRUNED,,
17,0.6851975375472986,8,0.6026514364868195,7,700,2.5058835027167037,COMPLETE,0.02043734033306233,"[0.7087821043910522, 0.6726903870162297, 0.6741201212346137]"
18,0.6847939034742415,11,0.6276034539115786,7,700,2.448292272192101,COMPLETE,0.01945039537257589,"[0.7072525651647441, 0.6737203495630462, 0.6734087956949342]"
19,0.6819831459997737,9,0.7062642869993342,8,700,2.3374300830536576,COMPLETE,0.02262986923389009,"[0.7081129309795424, 0.6687265917602996, 0.6691099152594792]"
