number,value,params_max_depth,params_max_features,params_min_samples_leaf,params_n_estimators,params_split_multiplier,state,user_attrs_cindex_sd,user_attrs_fold_cindices
0,0.6876495150534936,7,0.8467525597029382,14,700,2.1001381483376695,COMPLETE,0.019649729832479243,"[0.7102560811244465, 0.6746671666979186, 0.6780252973381159]"
1,0.6859986174435755,11,0.8844350412759214,8,900,2.5680695830958644,COMPLETE,0.016600713562086,"[0.7051537128554008, 0.6757922370148134, 0.6770499024605122]"
2,0.6863038067615882,10,0.9923112361568959,15,900,2.6203667153258277,COMPLETE,0.02152205085786921,"[0.711154611385662, 0.6740421276329771, 0.6737146812661254]"
3,0.685046472798479,9,0.7769707312837661,5,1000,2.2193298488530235,COMPLETE,0.014680248259503188,"[0.7009819652140428, 0.6720732545784112, 0.6820841986029829]"
4,0.683525267327045,10,0.9561427900020911,7,900,2.8768260387699165,COMPLETE,0.015678164553542834,"[0.7016237725434824, 0.6741046315394712, 0.6748473978981814]"
5,0.7020088569411462,9,0.7425604516876462,5,800,2.49249700558807,PRUNED,,
6,0.6870553492373923,10,0.9142493419369606,16,600,2.3652770125832854,COMPLETE,0.021792002715694193,"[0.7122135934792375, 0.6740421276329771, 0.6749103265999622]"
7,0.6882707364307552,9,0.634445051739547,16,1000,2.8783359588872304,COMPLETE,0.02404562986728284,"[0.7159681663564598, 0.6761047565472842, 0.6727392863885218]"
8,0.6885473251637239,8,0.6826593257422109,15,1000,2.9850968795654844,COMPLETE,0.024293377021589756,"[0.7165457929529555, 0.6760422526407901, 0.6730539298974262]"
9,0.6901451879518307,8,0.6987215648899416,12,600,2.409059902185059,COMPLETE,0.02171542764572622,"[0.7149091842628843, 0.6743546471654478, 0.68117173242716]"
10,0.6900963842261111,8,0.6113763684619739,14,600,2.53441954449396,COMPLETE,0.02240637211109092,"[0.7159039856235159, 0.675604725295331, 0.6787804417594865]"
11,0.7104807136897503,8,0.748159599709734,11,600,2.516165837904265,PRUNED,,
12,0.6905014685718309,8,0.6328970873752906,15,600,2.6461631274593853,COMPLETE,0.022945764965471283,"[0.7169308773506193, 0.6756672292018251, 0.6789062991630482]"
13,0.6869003652385027,8,0.7324349059826651,16,600,2.830245028135535,COMPLETE,0.024036711437878805,"[0.7145561902316925, 0.6751046940433777, 0.671040211440438]"
14,0.6906220221043887,8,0.6609364801480618,11,600,2.8482579000762764,COMPLETE,0.020907724486573614,"[0.7145240998652205, 0.6757297331083193, 0.6816122333396262]"
15,0.7137539310698928,8,0.7764714656018533,12,700,2.777934614369182,PRUNED,,
16,0.6906220221043887,8,0.627296986913175,11,600,2.8542128476750417,COMPLETE,0.020907724486573614,"[0.7145240998652205, 0.6757297331083193, 0.6816122333396262]"
17,0.7118926898145177,8,0.6043497695554803,8,600,2.662197536968478,PRUNED,,
18,0.7137218407034208,8,0.6826115115274816,10,600,2.9442739015238404,PRUNED,,
19,0.7061485142160323,8,0.7329429868467837,8,600,2.677755860580863,PRUNED,,
