number,value,params_max_depth,params_max_features,params_min_samples_leaf,params_n_estimators,params_split_multiplier,state,user_attrs_cindex_sd,user_attrs_fold_cindices
0,0.6803135796657104,7,0.954231028727488,16,1000,2.113934692323152,COMPLETE,0.007286234409018708,"[0.6887269845140837, 0.6760936105088636, 0.676120143974184]"
1,0.6877880145760065,7,0.6187564872763364,6,700,2.3727069379645664,COMPLETE,0.009340775966799726,"[0.6942750884038532, 0.6770820048463206, 0.6920069504778453]"
2,0.6855472573609932,11,0.7651731222588977,9,1000,2.272133540475472,COMPLETE,0.008975151991587797,"[0.6934825021338861, 0.675806657314118, 0.6873526126349758]"
3,0.6861930118357846,10,0.7374197788584704,10,800,2.4017191614129767,COMPLETE,0.009602575110679126,"[0.6960431654676259, 0.6768588190281852, 0.6856770510115427]"
4,0.6873290423421873,10,0.6898879814048002,6,900,2.6349602360709157,COMPLETE,0.010132722601821279,"[0.6947018656261431, 0.6757747736258131, 0.6915104877746059]"
5,0.692689915863919,11,0.8458477750872007,12,1000,2.4495397586669747,PRUNED,,
6,0.686532130228021,10,0.8224076893252885,5,700,2.708625434625469,PRUNED,,
7,0.6919582977685648,7,0.9600324941019805,7,600,2.9831317454227246,PRUNED,,
8,0.6895805389586636,9,0.9473569064653959,10,600,2.93526517534783,PRUNED,,
9,0.6875685891964395,11,0.8320583085882818,5,1000,2.4118760188466295,PRUNED,,
10,0.6936044384831118,7,0.6673688842572696,13,800,2.7485004208057853,PRUNED,,
11,0.6882396223295221,10,0.6198262079960214,6,900,2.7006877485083574,COMPLETE,0.00886436184523544,"[0.6947018656261431, 0.6781341665603877, 0.6918828348020355]"
12,0.6909828069747592,8,0.6372215412780858,5,600,2.2622782014905414,PRUNED,,
13,0.6923850749908548,7,0.6779776126795518,7,800,2.335269019968425,PRUNED,,
14,0.68571831823338,7,0.774103305135697,10,800,2.736208544944913,COMPLETE,0.009834894699054866,"[0.6965309108645287, 0.677305190664456, 0.6833188531711555]"
15,0.693116693086209,7,0.6890389724273973,7,600,2.44818659070488,PRUNED,,
16,0.6927508840385319,7,0.6650536693457979,6,800,2.0313088208056724,PRUNED,,
17,0.6890784089324731,7,0.6002814283616388,5,600,2.7849735172583703,COMPLETE,0.009735769233125467,"[0.695982197293013, 0.6779428644305573, 0.6933101650738488]"
18,0.689029108288076,7,0.6326202072088418,5,600,2.934340586667113,COMPLETE,0.009717908499683854,"[0.6954334837214974, 0.6778472133656421, 0.6938066277770882]"
19,0.6883742742201985,7,0.6123069920243077,5,600,2.7253694709596856,COMPLETE,0.010626444941604477,"[0.6951286428484331, 0.6761254941971687, 0.6938686856149932]"
