number,value,params_max_depth,params_max_features,params_min_samples_leaf,params_n_estimators,params_split_multiplier,state,user_attrs_cindex_sd,user_attrs_fold_cindices
0,0.6346486018708867,9,0.70996172915704,12,700,2.735632436472775,COMPLETE,0.06294714322649515,"[0.648538961038961, 0.6894904458598726, 0.5659163987138264]"
1,0.6150997975270406,9,0.6447807690238113,19,700,2.4302650725858683,COMPLETE,0.06349448352328581,"[0.6314935064935064, 0.6687898089171974, 0.545016077170418]"
2,0.6172689709680003,6,0.7201789462500608,19,1000,2.977910848007918,COMPLETE,0.050814761366987544,"[0.6306818181818182, 0.660031847133758, 0.5610932475884244]"
3,0.630355937080444,5,0.6461417480330894,14,700,2.3365968423453,COMPLETE,0.06365898565946865,"[0.6436688311688312, 0.6863057324840764, 0.5610932475884244]"
4,0.6407585816058586,7,0.6793173796947823,8,900,2.6276223796756524,COMPLETE,0.08015021721994474,"[0.5925324675324676, 0.73328025477707, 0.5964630225080386]"
5,0.6561595251881875,5,0.8262736758527339,19,1000,2.30015076578609,PRUNED,,
6,0.6220699792455685,9,0.6605824385138614,14,1000,2.9064955788406595,COMPLETE,0.07386047680135119,"[0.6452922077922078, 0.6815286624203821, 0.5393890675241158]"
7,0.6565731243279014,8,0.7002841491896868,18,800,2.477989433774503,PRUNED,,
8,0.635699932760217,8,0.7133090716099606,12,700,2.281102900713494,COMPLETE,0.06750151242043297,"[0.648538961038961, 0.695859872611465, 0.5627009646302251]"
9,0.5933441558441559,8,0.8317224289880829,9,900,2.957825950432417,PRUNED,,
10,0.5868506493506493,7,0.8307433830986122,8,800,2.320763900621222,PRUNED,,
11,0.6276712885594754,8,0.802844390553675,13,1000,2.300521738186849,COMPLETE,0.06961802705175935,"[0.6436688311688312, 0.6878980891719745, 0.5514469453376206]"
12,0.6047077922077922,7,0.6353572942823273,9,600,2.2220032424296785,PRUNED,,
13,0.6298355912388619,7,0.6058834859144274,14,1000,2.490193094064925,COMPLETE,0.06511996307299878,"[0.6469155844155844, 0.6847133757961783, 0.5578778135048231]"
14,0.6176948051948052,7,0.7153892502897454,10,1000,2.931205944385067,PRUNED,,
15,0.6241883116883117,8,0.8478097376092457,10,700,2.6594031754244774,PRUNED,,
16,0.6420454545454546,8,0.7098765646168823,15,800,2.1902254184818353,PRUNED,,
17,0.5852272727272727,7,0.6289371007228269,8,1000,2.7296564234386342,PRUNED,,
18,0.5949675324675324,7,0.7656520063752769,8,900,2.550491671600993,PRUNED,,
19,0.6263626440360112,7,0.6256618783097981,13,800,2.609318328140007,COMPLETE,0.07321176717180042,"[0.6501623376623377, 0.6847133757961783, 0.5442122186495176]"
