[I 2026-08-22 16:24:28,201] A new study created in memory with name: no-name-cc0e23c5-906f-4c1f-a40d-5df6bae02202
[screening trial 000] RMST=0.2183 C=0.6339 params={'n_estimators': 100, 'max_depth': 3, 'min_samples_leaf': 24, 'min_samples_split': 48, 'max_features': 'sqrt'}
[I 2026-08-22 16:24:32,874] Trial 0 finished with values: [0.21834611561134748, 0.6339461385204541] and parameters: {'n_estimators': 100, 'max_depth': 3, 'min_samples_leaf': 24, 'split_leaf_multiplier': 2, 'max_features': 'sqrt'}.
[screening trial 001] RMST=0.2183 C=0.6288 params={'n_estimators': 50, 'max_depth': 3, 'min_samples_leaf': 24, 'min_samples_split': 48, 'max_features': 'sqrt'}
[I 2026-08-22 16:24:35,833] Trial 1 finished with values: [0.21834611561134748, 0.628769776001291] and parameters: {'n_estimators': 50, 'max_depth': 3, 'min_samples_leaf': 24, 'split_leaf_multiplier': 2, 'max_features': 'sqrt'}.
[screening trial 002] RMST=0.2183 C=0.6498 params={'n_estimators': 100, 'max_depth': 4, 'min_samples_leaf': 24, 'min_samples_split': 48, 'max_features': 0.05}
[I 2026-08-22 16:24:56,246] Trial 2 finished with values: [0.21834611561134748, 0.6498274545826945] and parameters: {'n_estimators': 100, 'max_depth': 4, 'min_samples_leaf': 24, 'split_leaf_multiplier': 2, 'max_features': 0.05}.
[screening trial 003] RMST=0.2183 C=0.6325 params={'n_estimators': 100, 'max_depth': 4, 'min_samples_leaf': 24, 'min_samples_split': 48, 'max_features': 'sqrt'}
[I 2026-08-22 16:25:01,659] Trial 3 finished with values: [0.21834611561134748, 0.6325046394855912] and parameters: {'n_estimators': 100, 'max_depth': 4, 'min_samples_leaf': 24, 'split_leaf_multiplier': 2, 'max_features': 'sqrt'}.
[screening trial 004] RMST=0.2183 C=0.6489 params={'n_estimators': 50, 'max_depth': 3, 'min_samples_leaf': 24, 'min_samples_split': 48, 'max_features': 0.05}
[I 2026-08-22 16:25:11,092] Trial 4 finished with values: [0.21834611561134748, 0.6488731791182805] and parameters: {'n_estimators': 50, 'max_depth': 3, 'min_samples_leaf': 24, 'split_leaf_multiplier': 2, 'max_features': 0.05}.
[screening trial 005] RMST=0.2183 C=0.6526 params={'n_estimators': 50, 'max_depth': 4, 'min_samples_leaf': 24, 'min_samples_split': 48, 'max_features': 0.05}
[I 2026-08-22 16:25:22,387] Trial 5 finished with values: [0.21834611561134748, 0.6525676992496137] and parameters: {'n_estimators': 50, 'max_depth': 4, 'min_samples_leaf': 24, 'split_leaf_multiplier': 2, 'max_features': 0.05}.
[screening trial 006] RMST=0.2183 C=0.6498 params={'n_estimators': 100, 'max_depth': 4, 'min_samples_leaf': 24, 'min_samples_split': 48, 'max_features': 0.05}
[I 2026-08-22 16:25:43,851] Trial 6 finished with values: [0.21834611561134748, 0.6498274545826945] and parameters: {'n_estimators': 100, 'max_depth': 4, 'min_samples_leaf': 24, 'split_leaf_multiplier': 2, 'max_features': 0.05}.
[screening trial 007] RMST=0.2183 C=0.6498 params={'n_estimators': 100, 'max_depth': 4, 'min_samples_leaf': 24, 'min_samples_split': 48, 'max_features': 0.05}
[I 2026-08-22 16:26:05,594] Trial 7 finished with values: [0.21834611561134748, 0.6498274545826945] and parameters: {'n_estimators': 100, 'max_depth': 4, 'min_samples_leaf': 24, 'split_leaf_multiplier': 2, 'max_features': 0.05}.
[screening trial 008] RMST=0.2183 C=0.6498 params={'n_estimators': 100, 'max_depth': 4, 'min_samples_leaf': 24, 'min_samples_split': 48, 'max_features': 0.05}
[I 2026-08-22 16:26:27,236] Trial 8 finished with values: [0.21834611561134748, 0.6498274545826945] and parameters: {'n_estimators': 100, 'max_depth': 4, 'min_samples_leaf': 24, 'split_leaf_multiplier': 2, 'max_features': 0.05}.
[screening trial 009] RMST=0.2183 C=0.6489 params={'n_estimators': 50, 'max_depth': 3, 'min_samples_leaf': 24, 'min_samples_split': 48, 'max_features': 0.05}
[I 2026-08-22 16:26:37,125] Trial 9 finished with values: [0.21834611561134748, 0.6488731791182805] and parameters: {'n_estimators': 50, 'max_depth': 3, 'min_samples_leaf': 24, 'split_leaf_multiplier': 2, 'max_features': 0.05}.
[screening trial 010] RMST=0.2183 C=0.6526 params={'n_estimators': 50, 'max_depth': 4, 'min_samples_leaf': 24, 'min_samples_split': 48, 'max_features': 0.05}
[I 2026-08-22 16:26:48,790] Trial 10 finished with values: [0.21834611561134748, 0.6525676992496137] and parameters: {'n_estimators': 50, 'max_depth': 4, 'min_samples_leaf': 24, 'split_leaf_multiplier': 2, 'max_features': 0.05}.
[screening trial 011] RMST=0.2183 C=0.6325 params={'n_estimators': 100, 'max_depth': 4, 'min_samples_leaf': 24, 'min_samples_split': 48, 'max_features': 'sqrt'}
[I 2026-08-22 16:26:54,423] Trial 11 finished with values: [0.21834611561134748, 0.6325046394855912] and parameters: {'n_estimators': 100, 'max_depth': 4, 'min_samples_leaf': 24, 'split_leaf_multiplier': 2, 'max_features': 'sqrt'}.
[PFI fold 1] 350/8666 features used by a split
[PFI fold 1] processed through feature 8250
[PFI fold 2] 367/8666 features used by a split
[PFI fold 2] processed through feature 1000
[PFI fold 3] 358/8666 features used by a split
[PFI fold 3] processed through feature 7500
[I 2026-08-22 16:31:54,787] A new study created in memory with name: no-name-771abdaf-5abe-4b9f-8fc7-55efb7f460c2
[reduced trial 000] N=00 RMST=3.3950 C=0.6825 params={'n_estimators': 400, 'max_depth': 6, 'min_samples_leaf': 16, 'min_samples_split': 32, 'max_features': 'sqrt'}
[I 2026-08-22 16:31:56,633] Trial 0 finished with values: [3.394965377171216, 0.6825071221534661] and parameters: {'top_n': 0, 'n_estimators': 400, 'max_depth': 6, 'min_samples_leaf': 16, 'split_leaf_multiplier': 2, 'max_features': 'sqrt'}.
[reduced trial 001] N=01 RMST=1.5769 C=0.6940 params={'n_estimators': 400, 'max_depth': 6, 'min_samples_leaf': 16, 'min_samples_split': 32, 'max_features': 'sqrt'}
[I 2026-08-22 16:31:58,495] Trial 1 finished with values: [1.5768727915753935, 0.6940453211020563] and parameters: {'top_n': 1, 'n_estimators': 400, 'max_depth': 6, 'min_samples_leaf': 16, 'split_leaf_multiplier': 2, 'max_features': 'sqrt'}.
[reduced trial 002] N=02 RMST=2.4911 C=0.6974 params={'n_estimators': 400, 'max_depth': 6, 'min_samples_leaf': 16, 'min_samples_split': 32, 'max_features': 'sqrt'}
[I 2026-08-22 16:32:00,373] Trial 2 finished with values: [2.4910606007032543, 0.6974248527467617] and parameters: {'top_n': 2, 'n_estimators': 400, 'max_depth': 6, 'min_samples_leaf': 16, 'split_leaf_multiplier': 2, 'max_features': 'sqrt'}.
[reduced trial 003] N=03 RMST=4.3284 C=0.7070 params={'n_estimators': 400, 'max_depth': 6, 'min_samples_leaf': 16, 'min_samples_split': 32, 'max_features': 'sqrt'}
[I 2026-08-22 16:32:02,319] Trial 3 finished with values: [4.328359263242482, 0.7070451907619928] and parameters: {'top_n': 3, 'n_estimators': 400, 'max_depth': 6, 'min_samples_leaf': 16, 'split_leaf_multiplier': 2, 'max_features': 'sqrt'}.
[reduced trial 004] N=04 RMST=2.7310 C=0.7062 params={'n_estimators': 400, 'max_depth': 6, 'min_samples_leaf': 16, 'min_samples_split': 32, 'max_features': 'sqrt'}
[I 2026-08-22 16:32:04,278] Trial 4 finished with values: [2.73098112920037, 0.7061576369967166] and parameters: {'top_n': 4, 'n_estimators': 400, 'max_depth': 6, 'min_samples_leaf': 16, 'split_leaf_multiplier': 2, 'max_features': 'sqrt'}.
[reduced trial 005] N=05 RMST=2.7798 C=0.7062 params={'n_estimators': 400, 'max_depth': 6, 'min_samples_leaf': 16, 'min_samples_split': 32, 'max_features': 'sqrt'}
[I 2026-08-22 16:32:06,365] Trial 5 finished with values: [2.779776968141614, 0.7062321170329636] and parameters: {'top_n': 5, 'n_estimators': 400, 'max_depth': 6, 'min_samples_leaf': 16, 'split_leaf_multiplier': 2, 'max_features': 'sqrt'}.
[reduced trial 006] N=06 RMST=-0.1035 C=0.7035 params={'n_estimators': 400, 'max_depth': 6, 'min_samples_leaf': 16, 'min_samples_split': 32, 'max_features': 'sqrt'}
[I 2026-08-22 16:32:08,397] Trial 6 finished with values: [-0.10346472383886515, 0.7034918723660446] and parameters: {'top_n': 6, 'n_estimators': 400, 'max_depth': 6, 'min_samples_leaf': 16, 'split_leaf_multiplier': 2, 'max_features': 'sqrt'}.
[reduced trial 007] N=07 RMST=2.6448 C=0.7028 params={'n_estimators': 400, 'max_depth': 6, 'min_samples_leaf': 16, 'min_samples_split': 32, 'max_features': 'sqrt'}
[I 2026-08-22 16:32:10,583] Trial 7 finished with values: [2.644815861420972, 0.7027625886777932] and parameters: {'top_n': 7, 'n_estimators': 400, 'max_depth': 6, 'min_samples_leaf': 16, 'split_leaf_multiplier': 2, 'max_features': 'sqrt'}.
[reduced trial 008] N=08 RMST=1.7689 C=0.7065 params={'n_estimators': 400, 'max_depth': 6, 'min_samples_leaf': 16, 'min_samples_split': 32, 'max_features': 'sqrt'}
[I 2026-08-22 16:32:12,690] Trial 8 finished with values: [1.7688962405684967, 0.7064990038295152] and parameters: {'top_n': 8, 'n_estimators': 400, 'max_depth': 6, 'min_samples_leaf': 16, 'split_leaf_multiplier': 2, 'max_features': 'sqrt'}.
[reduced trial 009] N=09 RMST=-0.0264 C=0.7049 params={'n_estimators': 400, 'max_depth': 6, 'min_samples_leaf': 16, 'min_samples_split': 32, 'max_features': 'sqrt'}
[I 2026-08-22 16:32:14,882] Trial 9 finished with values: [-0.026427398277423183, 0.7049100963895802] and parameters: {'top_n': 9, 'n_estimators': 400, 'max_depth': 6, 'min_samples_leaf': 16, 'split_leaf_multiplier': 2, 'max_features': 'sqrt'}.
[reduced trial 010] N=10 RMST=0.2416 C=0.7070 params={'n_estimators': 400, 'max_depth': 6, 'min_samples_leaf': 16, 'min_samples_split': 32, 'max_features': 'sqrt'}
[I 2026-08-22 16:32:17,112] Trial 10 finished with values: [0.2416460584359576, 0.7069893307348076] and parameters: {'top_n': 10, 'n_estimators': 400, 'max_depth': 6, 'min_samples_leaf': 16, 'split_leaf_multiplier': 2, 'max_features': 'sqrt'}.
[reduced trial 011] N=11 RMST=0.1347 C=0.7057 params={'n_estimators': 400, 'max_depth': 6, 'min_samples_leaf': 16, 'min_samples_split': 32, 'max_features': 'sqrt'}
[I 2026-08-22 16:32:19,275] Trial 11 finished with values: [0.13473966254482386, 0.7056952401050168] and parameters: {'top_n': 11, 'n_estimators': 400, 'max_depth': 6, 'min_samples_leaf': 16, 'split_leaf_multiplier': 2, 'max_features': 'sqrt'}.
[reduced trial 012] N=12 RMST=-0.3831 C=0.7038 params={'n_estimators': 400, 'max_depth': 6, 'min_samples_leaf': 16, 'min_samples_split': 32, 'max_features': 'sqrt'}
[I 2026-08-22 16:32:21,583] Trial 12 finished with values: [-0.3830972162055558, 0.7038456525382175] and parameters: {'top_n': 12, 'n_estimators': 400, 'max_depth': 6, 'min_samples_leaf': 16, 'split_leaf_multiplier': 2, 'max_features': 'sqrt'}.
[reduced trial 013] N=13 RMST=-0.7120 C=0.7053 params={'n_estimators': 400, 'max_depth': 6, 'min_samples_leaf': 16, 'min_samples_split': 32, 'max_features': 'sqrt'}
[I 2026-08-22 16:32:23,787] Trial 13 finished with values: [-0.7120098277791866, 0.7053135299192512] and parameters: {'top_n': 13, 'n_estimators': 400, 'max_depth': 6, 'min_samples_leaf': 16, 'split_leaf_multiplier': 2, 'max_features': 'sqrt'}.
[reduced trial 014] N=14 RMST=-0.2319 C=0.7051 params={'n_estimators': 400, 'max_depth': 6, 'min_samples_leaf': 16, 'min_samples_split': 32, 'max_features': 'sqrt'}
[I 2026-08-22 16:32:25,935] Trial 14 finished with values: [-0.23192565446973804, 0.7051490531725392] and parameters: {'top_n': 14, 'n_estimators': 400, 'max_depth': 6, 'min_samples_leaf': 16, 'split_leaf_multiplier': 2, 'max_features': 'sqrt'}.
[reduced trial 015] N=15 RMST=3.3963 C=0.7122 params={'n_estimators': 400, 'max_depth': 6, 'min_samples_leaf': 16, 'min_samples_split': 32, 'max_features': 'sqrt'}
[I 2026-08-22 16:32:28,112] Trial 15 finished with values: [3.396323628297617, 0.7121532799145962] and parameters: {'top_n': 15, 'n_estimators': 400, 'max_depth': 6, 'min_samples_leaf': 16, 'split_leaf_multiplier': 2, 'max_features': 'sqrt'}.
[reduced trial 016] N=16 RMST=-1.1571 C=0.7114 params={'n_estimators': 400, 'max_depth': 6, 'min_samples_leaf': 16, 'min_samples_split': 32, 'max_features': 'sqrt'}
[I 2026-08-22 16:32:30,302] Trial 16 finished with values: [-1.1570988751805718, 0.7113743428688468] and parameters: {'top_n': 16, 'n_estimators': 400, 'max_depth': 6, 'min_samples_leaf': 16, 'split_leaf_multiplier': 2, 'max_features': 'sqrt'}.
[reduced trial 017] N=17 RMST=0.0195 C=0.7138 params={'n_estimators': 400, 'max_depth': 6, 'min_samples_leaf': 16, 'min_samples_split': 32, 'max_features': 'sqrt'}
[I 2026-08-22 16:32:32,579] Trial 17 finished with values: [0.0194711115438913, 0.7137732207029674] and parameters: {'top_n': 17, 'n_estimators': 400, 'max_depth': 6, 'min_samples_leaf': 16, 'split_leaf_multiplier': 2, 'max_features': 'sqrt'}.
[reduced trial 018] N=18 RMST=1.7987 C=0.7119 params={'n_estimators': 400, 'max_depth': 6, 'min_samples_leaf': 16, 'min_samples_split': 32, 'max_features': 'sqrt'}
[I 2026-08-22 16:32:34,890] Trial 18 finished with values: [1.798661229601613, 0.7119205298013245] and parameters: {'top_n': 18, 'n_estimators': 400, 'max_depth': 6, 'min_samples_leaf': 16, 'split_leaf_multiplier': 2, 'max_features': 'sqrt'}.
[reduced trial 019] N=19 RMST=1.3528 C=0.7131 params={'n_estimators': 400, 'max_depth': 6, 'min_samples_leaf': 16, 'min_samples_split': 32, 'max_features': 'sqrt'}
[I 2026-08-22 16:32:37,213] Trial 19 finished with values: [1.3527554794097467, 0.7131153137161194] and parameters: {'top_n': 19, 'n_estimators': 400, 'max_depth': 6, 'min_samples_leaf': 16, 'split_leaf_multiplier': 2, 'max_features': 'sqrt'}.
[reduced trial 020] N=20 RMST=5.2138 C=0.7103 params={'n_estimators': 400, 'max_depth': 6, 'min_samples_leaf': 16, 'min_samples_split': 32, 'max_features': 'sqrt'}
[I 2026-08-22 16:32:39,517] Trial 20 finished with values: [5.213810381334016, 0.7103098990174842] and parameters: {'top_n': 20, 'n_estimators': 400, 'max_depth': 6, 'min_samples_leaf': 16, 'split_leaf_multiplier': 2, 'max_features': 'sqrt'}.
[reduced trial 021] N=21 RMST=0.1276 C=0.7101 params={'n_estimators': 400, 'max_depth': 6, 'min_samples_leaf': 16, 'min_samples_split': 32, 'max_features': 'sqrt'}
[I 2026-08-22 16:32:41,912] Trial 21 finished with values: [0.12759732768730417, 0.7101361122662413] and parameters: {'top_n': 21, 'n_estimators': 400, 'max_depth': 6, 'min_samples_leaf': 16, 'split_leaf_multiplier': 2, 'max_features': 'sqrt'}.
[reduced trial 022] N=22 RMST=2.7948 C=0.7090 params={'n_estimators': 400, 'max_depth': 6, 'min_samples_leaf': 16, 'min_samples_split': 32, 'max_features': 'sqrt'}
[I 2026-08-22 16:32:44,271] Trial 22 finished with values: [2.7948192406265835, 0.7089537416908209] and parameters: {'top_n': 22, 'n_estimators': 400, 'max_depth': 6, 'min_samples_leaf': 16, 'split_leaf_multiplier': 2, 'max_features': 'sqrt'}.
[reduced trial 023] N=23 RMST=0.6761 C=0.7071 params={'n_estimators': 400, 'max_depth': 6, 'min_samples_leaf': 16, 'min_samples_split': 32, 'max_features': 'sqrt'}
[I 2026-08-22 16:32:46,654] Trial 23 finished with values: [0.6761323954905111, 0.7071351874724578] and parameters: {'top_n': 23, 'n_estimators': 400, 'max_depth': 6, 'min_samples_leaf': 16, 'split_leaf_multiplier': 2, 'max_features': 'sqrt'}.
[reduced trial 024] N=24 RMST=0.6350 C=0.7091 params={'n_estimators': 400, 'max_depth': 6, 'min_samples_leaf': 16, 'min_samples_split': 32, 'max_features': 'sqrt'}
[I 2026-08-22 16:32:49,039] Trial 24 finished with values: [0.6350260077864069, 0.7090716684148787] and parameters: {'top_n': 24, 'n_estimators': 400, 'max_depth': 6, 'min_samples_leaf': 16, 'split_leaf_multiplier': 2, 'max_features': 'sqrt'}.
[reduced trial 025] N=25 RMST=-2.4617 C=0.7061 params={'n_estimators': 400, 'max_depth': 6, 'min_samples_leaf': 16, 'min_samples_split': 32, 'max_features': 'sqrt'}
[I 2026-08-22 16:32:51,446] Trial 25 finished with values: [-2.4617155368520387, 0.7061390169876549] and parameters: {'top_n': 25, 'n_estimators': 400, 'max_depth': 6, 'min_samples_leaf': 16, 'split_leaf_multiplier': 2, 'max_features': 'sqrt'}.
[reduced trial 026] N=26 RMST=1.5525 C=0.7080 params={'n_estimators': 400, 'max_depth': 6, 'min_samples_leaf': 16, 'min_samples_split': 32, 'max_features': 'sqrt'}
[I 2026-08-22 16:32:53,839] Trial 26 finished with values: [1.5525079059344782, 0.7080444645816394] and parameters: {'top_n': 26, 'n_estimators': 400, 'max_depth': 6, 'min_samples_leaf': 16, 'split_leaf_multiplier': 2, 'max_features': 'sqrt'}.
[reduced trial 027] N=27 RMST=-0.5393 C=0.7082 params={'n_estimators': 400, 'max_depth': 6, 'min_samples_leaf': 16, 'min_samples_split': 32, 'max_features': 'sqrt'}
[I 2026-08-22 16:32:56,272] Trial 27 finished with values: [-0.5392585331313033, 0.7081561846360098] and parameters: {'top_n': 27, 'n_estimators': 400, 'max_depth': 6, 'min_samples_leaf': 16, 'split_leaf_multiplier': 2, 'max_features': 'sqrt'}.
[reduced trial 028] N=28 RMST=0.4425 C=0.7079 params={'n_estimators': 400, 'max_depth': 6, 'min_samples_leaf': 16, 'min_samples_split': 32, 'max_features': 'sqrt'}
[I 2026-08-22 16:32:58,718] Trial 28 finished with values: [0.4424654613225346, 0.7079296411924254] and parameters: {'top_n': 28, 'n_estimators': 400, 'max_depth': 6, 'min_samples_leaf': 16, 'split_leaf_multiplier': 2, 'max_features': 'sqrt'}.
[reduced trial 029] N=29 RMST=1.4688 C=0.7071 params={'n_estimators': 400, 'max_depth': 6, 'min_samples_leaf': 16, 'min_samples_split': 32, 'max_features': 'sqrt'}
[I 2026-08-22 16:33:01,153] Trial 29 finished with values: [1.4688049568420034, 0.7071103607937089] and parameters: {'top_n': 29, 'n_estimators': 400, 'max_depth': 6, 'min_samples_leaf': 16, 'split_leaf_multiplier': 2, 'max_features': 'sqrt'}.
[reduced trial 030] N=30 RMST=0.1316 C=0.7074 params={'n_estimators': 400, 'max_depth': 6, 'min_samples_leaf': 16, 'min_samples_split': 32, 'max_features': 'sqrt'}
[I 2026-08-22 16:33:03,767] Trial 30 finished with values: [0.1315704723824686, 0.7073834542599478] and parameters: {'top_n': 30, 'n_estimators': 400, 'max_depth': 6, 'min_samples_leaf': 16, 'split_leaf_multiplier': 2, 'max_features': 'sqrt'}.
[reduced trial 031] N=31 RMST=1.6717 C=0.7074 params={'n_estimators': 400, 'max_depth': 6, 'min_samples_leaf': 16, 'min_samples_split': 32, 'max_features': 'sqrt'}
[I 2026-08-22 16:33:06,367] Trial 31 finished with values: [1.6717442577752104, 0.7074269009477585] and parameters: {'top_n': 31, 'n_estimators': 400, 'max_depth': 6, 'min_samples_leaf': 16, 'split_leaf_multiplier': 2, 'max_features': 'sqrt'}.
[reduced trial 032] N=32 RMST=0.0054 C=0.7095 params={'n_estimators': 400, 'max_depth': 6, 'min_samples_leaf': 16, 'min_samples_split': 32, 'max_features': 'sqrt'}
[I 2026-08-22 16:33:09,017] Trial 32 finished with values: [0.0054388140567722, 0.7094564819354878] and parameters: {'top_n': 32, 'n_estimators': 400, 'max_depth': 6, 'min_samples_leaf': 16, 'split_leaf_multiplier': 2, 'max_features': 'sqrt'}.
[reduced trial 033] N=03 RMST=-0.8492 C=0.6821 params={'n_estimators': 400, 'max_depth': 4, 'min_samples_leaf': 32, 'min_samples_split': 96, 'max_features': 1.0}
[I 2026-08-22 16:33:11,308] Trial 33 finished with values: [-0.8491671277467193, 0.6821409286419186] and parameters: {'top_n': 3, 'n_estimators': 400, 'max_depth': 4, 'min_samples_leaf': 32, 'split_leaf_multiplier': 3, 'max_features': 1.0}.
[reduced trial 034] N=07 RMST=3.2559 C=0.7053 params={'n_estimators': 400, 'max_depth': 8, 'min_samples_leaf': 8, 'min_samples_split': 16, 'max_features': 'sqrt'}
[I 2026-08-22 16:33:13,368] Trial 34 finished with values: [3.2559356825659895, 0.7053445632676875] and parameters: {'top_n': 7, 'n_estimators': 400, 'max_depth': 8, 'min_samples_leaf': 8, 'split_leaf_multiplier': 2, 'max_features': 'sqrt'}.
[reduced trial 035] N=00 RMST=3.1650 C=0.6830 params={'n_estimators': 600, 'max_depth': 6, 'min_samples_leaf': 16, 'min_samples_split': 32, 'max_features': 'sqrt'}
[I 2026-08-22 16:33:15,690] Trial 35 finished with values: [3.1650041141702276, 0.6830036557284458] and parameters: {'top_n': 0, 'n_estimators': 600, 'max_depth': 6, 'min_samples_leaf': 16, 'split_leaf_multiplier': 2, 'max_features': 'sqrt'}.
[reduced trial 036] N=09 RMST=3.1431 C=0.7005 params={'n_estimators': 400, 'max_depth': 6, 'min_samples_leaf': 32, 'min_samples_split': 96, 'max_features': 'sqrt'}
[I 2026-08-22 16:33:17,784] Trial 36 finished with values: [3.1431166655621103, 0.7005157742510101] and parameters: {'top_n': 9, 'n_estimators': 400, 'max_depth': 6, 'min_samples_leaf': 32, 'split_leaf_multiplier': 3, 'max_features': 'sqrt'}.
[reduced trial 037] N=06 RMST=2.4631 C=0.7030 params={'n_estimators': 200, 'max_depth': 6, 'min_samples_leaf': 16, 'min_samples_split': 32, 'max_features': 'sqrt'}
[I 2026-08-22 16:33:19,276] Trial 37 finished with values: [2.4630841157961156, 0.7030325788091883] and parameters: {'top_n': 6, 'n_estimators': 200, 'max_depth': 6, 'min_samples_leaf': 16, 'split_leaf_multiplier': 2, 'max_features': 'sqrt'}.
[reduced trial 038] N=03 RMST=-0.3625 C=0.6920 params={'n_estimators': 400, 'max_depth': 8, 'min_samples_leaf': 16, 'min_samples_split': 32, 'max_features': 1.0}
[I 2026-08-22 16:33:21,789] Trial 38 finished with values: [-0.36251269611052145, 0.6920250501188577] and parameters: {'top_n': 3, 'n_estimators': 400, 'max_depth': 8, 'min_samples_leaf': 16, 'split_leaf_multiplier': 2, 'max_features': 1.0}.
[reduced trial 039] N=28 RMST=0.2183 C=0.6917 params={'n_estimators': 200, 'max_depth': 8, 'min_samples_leaf': 32, 'min_samples_split': 96, 'max_features': 1.0}
[I 2026-08-22 16:33:25,563] Trial 39 finished with values: [0.21834611561134748, 0.6917162683019172] and parameters: {'top_n': 28, 'n_estimators': 200, 'max_depth': 8, 'min_samples_leaf': 32, 'split_leaf_multiplier': 3, 'max_features': 1.0}.
[reduced trial 040] N=23 RMST=0.6761 C=0.7071 params={'n_estimators': 400, 'max_depth': 6, 'min_samples_leaf': 16, 'min_samples_split': 32, 'max_features': 'sqrt'}
